<?xml version="1.0" encoding="UTF-8"?>
<!-- Generated by org.testng.reporters.JUnitReportReporter -->
<testsuite hostname="LAPTOP-LAPI3B0G" failures="0" tests="1" name="MultiTestScenario.AgainMultitest" time="0.919" errors="0" timestamp="2023-09-07T16:01:50 IST" skipped="0">
  <testcase classname="MultiTestScenario.AgainMultitest" name="Test4" time="0.919"/>
</testsuite> <!-- MultiTestScenario.AgainMultitest -->
