<?xml version="1.0" encoding="UTF-8"?>
<!-- Generated by org.testng.reporters.JUnitReportReporter -->
<testsuite hostname="LAPTOP-LAPI3B0G" failures="0" tests="2" name="MultiTestScenario.MultiTest" time="17.143" errors="0" timestamp="2023-09-07T16:01:50 IST" skipped="0">
  <testcase classname="MultiTestScenario.MultiTest" name="Test2" time="5.171"/>
  <testcase classname="MultiTestScenario.MultiTest" name="Test1" time="11.972"/>
</testsuite> <!-- MultiTestScenario.MultiTest -->
